<?xml version="1.0" encoding="UTF-8"?>
<!-- Generated by org.testng.reporters.JUnitXMLReporter -->
<testsuite hostname="LAPTOP-DNV4PNFG" ignored="0" name="HostLoadTest1" tests="1" failures="1" timestamp="12 Apr 2021 16:36:15 GMT" time="17.542" errors="0">
  <testcase name="joinMeeting" time="1.527" classname="com.src.testCases.CreateMeeting">
    <failure type="java.lang.AssertionError" message="expected [] but found [Loookit]">
      <![CDATA[java.lang.AssertionError: expected [] but found [Loookit]
at com.src.util.UtilityClass2.shareScreen(UtilityClass2.java:184)
at com.src.testCases.CreateMeeting.joinMeeting(CreateMeeting.java:142)
at java.util.concurrent.FutureTask.run(FutureTask.java:266)
at java.util.concurrent.ThreadPoolExecutor.runWorker(ThreadPoolExecutor.java:1149)
at java.util.concurrent.ThreadPoolExecutor$Worker.run(ThreadPoolExecutor.java:624)
at java.lang.Thread.run(Thread.java:748)
... Removed 22 stack frames]]>
    </failure>
  </testcase> <!-- joinMeeting -->
</testsuite> <!-- HostLoadTest1 -->
