<?xml version="1.0" encoding="UTF-8"?>
<testng-results ignored="0" total="1" passed="1" failed="0" skipped="0">
  <reporter-output>
  </reporter-output>
  <suite started-at="2021-04-25T06:45:15Z" name="Default suite" finished-at="2021-04-25T06:45:16Z" duration-ms="1754">
    <groups>
    </groups>
    <test started-at="2021-04-25T06:45:15Z" name="Default test" finished-at="2021-04-25T06:45:16Z" duration-ms="1754">
      <class name="PostApiTest">
        <test-method signature="postTest()[pri:0, instance:PostApiTest@421e361]" started-at="2021-04-25T12:15:15Z" name="postTest" finished-at="2021-04-25T12:15:16Z" duration-ms="1720" status="PASS">
          <reporter-output>
          </reporter-output>
        </test-method> <!-- postTest -->
      </class> <!-- PostApiTest -->
    </test> <!-- Default test -->
  </suite> <!-- Default suite -->
</testng-results>
