<?xml version="1.0" encoding="UTF-8"?>
<!-- Generated by org.testng.reporters.JUnitXMLReporter -->
<testsuite hostname="LAPTOP-DNV4PNFG" ignored="0" name="astppTestcase(failed)" tests="2" failures="1" timestamp="09 Sep 2020 06:27:16 GMT" time="19.097" errors="0">
  <testcase name="logintest" time="8.559" classname="com.guru99.ebanking.testcases.TC_LoginTestcase_01"/>
  <testcase name="logintest1" time="0.004" classname="com.guru99.ebanking.testcases.TC_LoginTestcase_01">
    <failure type="junit.framework.AssertionFailedError" message="expected:&amp;lt;false&amp;gt; but was:&amp;lt;true&amp;gt;">
      <![CDATA[junit.framework.AssertionFailedError: expected:<false> but was:<true>
at junit.framework.Assert.fail(Assert.java:47)
at junit.framework.Assert.failNotEquals(Assert.java:282)
at junit.framework.Assert.assertEquals(Assert.java:64)
at junit.framework.Assert.assertEquals(Assert.java:149)
at junit.framework.Assert.assertEquals(Assert.java:155)
at com.guru99.ebanking.testcases.TC_LoginTestcase_01.logintest1(TC_LoginTestcase_01.java:29)
... Removed 25 stack frames]]>
    </failure>
  </testcase> <!-- logintest1 -->
</testsuite> <!-- astppTestcase(failed) -->
