<?xml version="1.0" encoding="UTF-8"?>
<!-- Generated by org.testng.reporters.JUnitXMLReporter -->
<testsuite hostname="LAPTOP-DNV4PNFG" ignored="0" name="astppTestcase" tests="2" failures="2" timestamp="13 Jan 2021 16:38:28 GMT" time="0.368" errors="0">
  <testcase name="views" time="0.056" classname="com.springct.smartopen.testcases.Youtube">
    <failure type="java.lang.IllegalStateException" message="The path to the driver executable must be set by the webdriver.chrome.driver system property; for more information, see https://github.com/SeleniumHQ/selenium/wiki/ChromeDriver. The latest version can be downloaded from http://chromedriver.storage.googleapis.com/index.html">
      <![CDATA[java.lang.IllegalStateException: The path to the driver executable must be set by the webdriver.chrome.driver system property; for more information, see https://github.com/SeleniumHQ/selenium/wiki/ChromeDriver. The latest version can be downloaded from http://chromedriver.storage.googleapis.com/index.html
at com.google.common.base.Preconditions.checkState(Preconditions.java:847)
at org.openqa.selenium.remote.service.DriverService.findExecutable(DriverService.java:125)
at org.openqa.selenium.chrome.ChromeDriverService.access$000(ChromeDriverService.java:35)
at org.openqa.selenium.chrome.ChromeDriverService$Builder.findDefaultExecutable(ChromeDriverService.java:156)
at org.openqa.selenium.remote.service.DriverService$Builder.build(DriverService.java:346)
at org.openqa.selenium.chrome.ChromeDriverService.createDefaultService(ChromeDriverService.java:91)
at org.openqa.selenium.chrome.ChromeDriver.<init>(ChromeDriver.java:123)
at com.springct.smartopen.testcases.Youtube.views(Youtube.java:10)
... Removed 25 stack frames]]>
    </failure>
  </testcase> <!-- views -->
  <testcase name="views" time="0.103" classname="com.springct.smartopen.testcases.Youtube">
    <failure type="java.lang.NullPointerException">
      <![CDATA[java.lang.NullPointerException
at com.springct.smartopen.base.BaseClass.captureScreen(BaseClass.java:58)
at com.springct.smartopen.utilities.Reporting.onTestFailure(Reporting.java:62)
... Removed 22 stack frames]]>
    </failure>
  </testcase> <!-- views -->
</testsuite> <!-- astppTestcase -->
