<?xml version="1.0" encoding="UTF-8"?>
<testng-results skipped="0" failed="0" ignored="0" total="1" passed="1">
  <reporter-output>
  </reporter-output>
  <suite name="Default suite" duration-ms="41525" started-at="2021-02-24T05:23:33Z" finished-at="2021-02-24T05:24:14Z">
    <groups>
    </groups>
    <test name="Default test" duration-ms="41525" started-at="2021-02-24T05:23:33Z" finished-at="2021-02-24T05:24:14Z">
      <class name="Jy.Youtube.CopyMeetingLink">
        <test-method status="PASS" signature="m1()[pri:0, instance:Jy.Youtube.CopyMeetingLink@5d534f5d]" name="m1" duration-ms="41380" started-at="2021-02-24T05:23:33Z" finished-at="2021-02-24T05:24:14Z">
          <reporter-output>
          </reporter-output>
        </test-method> <!-- m1 -->
      </class> <!-- Jy.Youtube.CopyMeetingLink -->
    </test> <!-- Default test -->
  </suite> <!-- Default suite -->
</testng-results>
