<?xml version="1.0" encoding="UTF-8"?>
<!-- Generated by org.testng.reporters.JUnitXMLReporter -->
<testsuite hostname="LAPTOP-DNV4PNFG" ignored="0" name="Default test" tests="3" failures="0" timestamp="29 May 2020 11:06:34 GMT" time="8.698" errors="0">
  <testcase name="addBook" time="6.608" classname="com.maven.selenium.com.maven.RestAssuredApi.AddBook"/>
  <testcase name="addBook" time="0.361" classname="com.maven.selenium.com.maven.RestAssuredApi.AddBook"/>
  <testcase name="addBook" time="0.33" classname="com.maven.selenium.com.maven.RestAssuredApi.AddBook"/>
</testsuite> <!-- Default test -->
