<?xml version="1.0" encoding="UTF-8"?>
<testng-results skipped="0" failed="0" ignored="0" total="3" passed="3">
  <reporter-output>
  </reporter-output>
  <suite name="Suite1" duration-ms="29" started-at="2020-06-04T08:44:41Z" finished-at="2020-06-04T08:44:41Z">
    <groups>
    </groups>
    <test name="nseTestcase" duration-ms="29" started-at="2020-06-04T08:44:41Z" finished-at="2020-06-04T08:44:41Z">
      <class name="com.testng.selenium.Sample1">
        <test-method status="PASS" signature="m1()[pri:0, instance:com.testng.selenium.Sample1@6df97b55]" name="m1" duration-ms="8" started-at="2020-06-04T14:14:41Z" finished-at="2020-06-04T14:14:41Z">
          <reporter-output>
          </reporter-output>
        </test-method> <!-- m1 -->
      </class> <!-- com.testng.selenium.Sample1 -->
      <class name="com.testng.selenium.Sample2">
        <test-method status="PASS" signature="m1()[pri:0, instance:com.testng.selenium.Sample2@7225790e]" name="m1" duration-ms="0" started-at="2020-06-04T14:14:41Z" finished-at="2020-06-04T14:14:41Z">
          <reporter-output>
          </reporter-output>
        </test-method> <!-- m1 -->
      </class> <!-- com.testng.selenium.Sample2 -->
      <class name="com.testng.selenium.Sample3">
        <test-method status="PASS" signature="m1()[pri:0, instance:com.testng.selenium.Sample3@54a097cc]" name="m1" duration-ms="1" started-at="2020-06-04T14:14:41Z" finished-at="2020-06-04T14:14:41Z">
          <reporter-output>
          </reporter-output>
        </test-method> <!-- m1 -->
      </class> <!-- com.testng.selenium.Sample3 -->
    </test> <!-- nseTestcase -->
  </suite> <!-- Suite1 -->
</testng-results>
