<?xml version="1.0" encoding="UTF-8"?>
<testsuite xmlns:xsi="http://www.w3.org/2001/XMLSchema-instance" xsi:noNamespaceSchemaLocation="https://maven.apache.org/surefire/maven-surefire-plugin/xsd/surefire-test-report-3.0.xsd" version="3.0" name="TestSuite" time="1.079" tests="3" errors="0" skipped="0" failures="0">
  <properties>
[...]
</properties>
  <testcase name="m1" classname="com.testng.selenium.Sample1" time="0.006"/>
  <testcase name="m1" classname="com.testng.selenium.Sample2" time="0"/>
  <testcase name="m1" classname="com.testng.selenium.Sample3" time="0"/>
</testsuite>