<?xml version="1.0" encoding="UTF-8"?>
<!-- Generated by org.testng.reporters.JUnitXMLReporter -->
<testsuite hostname="LAPTOP-DNV4PNFG" ignored="0" name="nseTestcase" tests="3" failures="0" timestamp="04 Jun 2020 08:44:41 GMT" time="0.029" errors="0">
  <testcase name="m1" time="0.008" classname="com.testng.selenium.Sample1"/>
  <testcase name="m1" time="0.0" classname="com.testng.selenium.Sample2"/>
  <testcase name="m1" time="0.001" classname="com.testng.selenium.Sample3"/>
</testsuite> <!-- nseTestcase -->
