<?xml version="1.0" encoding="UTF-8"?>
<!-- Generated by org.testng.reporters.JUnitXMLReporter -->
<testsuite hostname="LAPTOP-DNV4PNFG" ignored="0" name="nseTestcase" tests="5" failures="2" timestamp="06 Mar 2020 16:52:24 GMT" time="45.324" errors="0">
  <testcase name="pageTitle" time="8.069" classname="com.testcases.nse.CheckTitle">
    <failure type="java.lang.NullPointerException">
      <![CDATA[java.lang.NullPointerException
	at com.ObjectRepositries.Homepage.launchWebpage(Homepage.java:22)
	at com.testcases.nse.CheckTitle.pageTitle(CheckTitle.java:18)
	at java.util.concurrent.ThreadPoolExecutor.runWorker(ThreadPoolExecutor.java:1149)
	at java.util.concurrent.ThreadPoolExecutor$Worker.run(ThreadPoolExecutor.java:624)
	at java.lang.Thread.run(Thread.java:748)
... Removed 10 stack frames]]>
    </failure>
  </testcase> <!-- pageTitle -->
  <testcase name="launchChrome" time="8.09" classname="com.testcases.nse.Launchpage">
    <failure type="java.lang.NullPointerException">
      <![CDATA[java.lang.NullPointerException
	at com.ObjectRepositries.Homepage.launchWebpage(Homepage.java:22)
	at com.testcases.nse.Launchpage.launchChrome(Launchpage.java:19)
	at java.util.concurrent.ThreadPoolExecutor.runWorker(ThreadPoolExecutor.java:1149)
	at java.util.concurrent.ThreadPoolExecutor$Worker.run(ThreadPoolExecutor.java:624)
	at java.lang.Thread.run(Thread.java:748)
... Removed 10 stack frames]]>
    </failure>
  </testcase> <!-- launchChrome -->
  <testcase name="allElement" time="36.761" classname="com.testcases.nse.AllElementsInWebpage"/>
  <testcase name="link" time="39.17" classname="com.testcases.nse.AllLinkInWebpage"/>
  <testcase name="searchCompany" time="45.292" classname="com.testcases.nse.SearchCompany"/>
</testsuite> <!-- nseTestcase -->
